/home/lamm-robot/ros2_ws/install/mobile_base_controller/lib/python3.12/site-packages/mobile_base_controller/controller.py
/home/lamm-robot/ros2_ws/install/mobile_base_controller/lib/python3.12/site-packages/mobile_base_controller/alchemist_core.py
/home/lamm-robot/ros2_ws/install/mobile_base_controller/lib/python3.12/site-packages/mobile_base_controller/simple_tracker.py
/home/lamm-robot/ros2_ws/install/mobile_base_controller/lib/python3.12/site-packages/mobile_base_controller/__init__.py
/home/lamm-robot/ros2_ws/install/mobile_base_controller/lib/python3.12/site-packages/mobile_base_controller/motor_driver.py
/home/lamm-robot/ros2_ws/install/mobile_base_controller/lib/python3.12/site-packages/mobile_base_controller/System_Camera.py
/home/lamm-robot/ros2_ws/install/mobile_base_controller/lib/python3.12/site-packages/mobile_base_controller/marker_detector.py
/home/lamm-robot/ros2_ws/install/mobile_base_controller/lib/python3.12/site-packages/mobile_base_controller/aruco_tracker.py
/home/lamm-robot/ros2_ws/install/mobile_base_controller/lib/python3.12/site-packages/mobile_base_controller/__pycache__/controller.cpython-312.pyc
/home/lamm-robot/ros2_ws/install/mobile_base_controller/lib/python3.12/site-packages/mobile_base_controller/__pycache__/alchemist_core.cpython-312.pyc
/home/lamm-robot/ros2_ws/install/mobile_base_controller/lib/python3.12/site-packages/mobile_base_controller/__pycache__/simple_tracker.cpython-312.pyc
/home/lamm-robot/ros2_ws/install/mobile_base_controller/lib/python3.12/site-packages/mobile_base_controller/__pycache__/__init__.cpython-312.pyc
/home/lamm-robot/ros2_ws/install/mobile_base_controller/lib/python3.12/site-packages/mobile_base_controller/__pycache__/motor_driver.cpython-312.pyc
/home/lamm-robot/ros2_ws/install/mobile_base_controller/lib/python3.12/site-packages/mobile_base_controller/__pycache__/System_Camera.cpython-312.pyc
/home/lamm-robot/ros2_ws/install/mobile_base_controller/lib/python3.12/site-packages/mobile_base_controller/__pycache__/marker_detector.cpython-312.pyc
/home/lamm-robot/ros2_ws/install/mobile_base_controller/lib/python3.12/site-packages/mobile_base_controller/__pycache__/aruco_tracker.cpython-312.pyc
/home/lamm-robot/ros2_ws/install/mobile_base_controller/share/ament_index/resource_index/packages/mobile_base_controller
/home/lamm-robot/ros2_ws/install/mobile_base_controller/share/mobile_base_controller/package.xml
/home/lamm-robot/ros2_ws/install/mobile_base_controller/lib/python3.12/site-packages/mobile_base_controller-0.0.0-py3.12.egg-info/zip-safe
/home/lamm-robot/ros2_ws/install/mobile_base_controller/lib/python3.12/site-packages/mobile_base_controller-0.0.0-py3.12.egg-info/PKG-INFO
/home/lamm-robot/ros2_ws/install/mobile_base_controller/lib/python3.12/site-packages/mobile_base_controller-0.0.0-py3.12.egg-info/dependency_links.txt
/home/lamm-robot/ros2_ws/install/mobile_base_controller/lib/python3.12/site-packages/mobile_base_controller-0.0.0-py3.12.egg-info/requires.txt
/home/lamm-robot/ros2_ws/install/mobile_base_controller/lib/python3.12/site-packages/mobile_base_controller-0.0.0-py3.12.egg-info/top_level.txt
/home/lamm-robot/ros2_ws/install/mobile_base_controller/lib/python3.12/site-packages/mobile_base_controller-0.0.0-py3.12.egg-info/SOURCES.txt
/home/lamm-robot/ros2_ws/install/mobile_base_controller/lib/python3.12/site-packages/mobile_base_controller-0.0.0-py3.12.egg-info/entry_points.txt
/home/lamm-robot/ros2_ws/install/mobile_base_controller/lib/mobile_base_controller/alchemist_core
/home/lamm-robot/ros2_ws/install/mobile_base_controller/lib/mobile_base_controller/controller
/home/lamm-robot/ros2_ws/install/mobile_base_controller/lib/mobile_base_controller/motor_driver
/home/lamm-robot/ros2_ws/install/mobile_base_controller/lib/mobile_base_controller/simple_tracker
