[0.472s] Invoking command in '/home/lamm-robot/ros2_ws/src/mobile_base_controller': DEBUGINFOD_URLS=https://debuginfod.ubuntu.com PYTHONPATH=/home/lamm-robot/ros2_ws/build/mobile_base_controller/prefix_override:/usr/lib/python3/dist-packages/colcon_core/task/python/colcon_distutils_commands:/home/lamm-robot/ros2_ws/install/mobile_base_controller/lib/python3.12/site-packages:${PYTHONPATH} /usr/bin/python3 -W ignore:setup.py install is deprecated -W ignore:easy_install command is deprecated setup.py egg_info --egg-base ../../build/mobile_base_controller build --build-base /home/lamm-robot/ros2_ws/build/mobile_base_controller/build install --record /home/lamm-robot/ros2_ws/build/mobile_base_controller/install.log --single-version-externally-managed install_data
[0.605s] running egg_info
[0.612s] writing ../../build/mobile_base_controller/mobile_base_controller.egg-info/PKG-INFO
[0.613s] writing dependency_links to ../../build/mobile_base_controller/mobile_base_controller.egg-info/dependency_links.txt
[0.614s] writing entry points to ../../build/mobile_base_controller/mobile_base_controller.egg-info/entry_points.txt
[0.614s] writing requirements to ../../build/mobile_base_controller/mobile_base_controller.egg-info/requires.txt
[0.614s] writing top-level names to ../../build/mobile_base_controller/mobile_base_controller.egg-info/top_level.txt
[0.644s] reading manifest file '../../build/mobile_base_controller/mobile_base_controller.egg-info/SOURCES.txt'
[0.645s] writing manifest file '../../build/mobile_base_controller/mobile_base_controller.egg-info/SOURCES.txt'
[0.645s] running build
[0.645s] running build_py
[0.646s] copying mobile_base_controller/motor_driver.py -> /home/lamm-robot/ros2_ws/build/mobile_base_controller/build/lib/mobile_base_controller
[0.646s] running install
[0.648s] running install_lib
[0.656s] copying /home/lamm-robot/ros2_ws/build/mobile_base_controller/build/lib/mobile_base_controller/motor_driver.py -> /home/lamm-robot/ros2_ws/install/mobile_base_controller/lib/python3.12/site-packages/mobile_base_controller
[0.656s] byte-compiling /home/lamm-robot/ros2_ws/install/mobile_base_controller/lib/python3.12/site-packages/mobile_base_controller/motor_driver.py to motor_driver.cpython-312.pyc
[0.657s] running install_data
[0.657s] running install_egg_info
[0.665s] removing '/home/lamm-robot/ros2_ws/install/mobile_base_controller/lib/python3.12/site-packages/mobile_base_controller-0.0.0-py3.12.egg-info' (and everything under it)
[0.665s] Copying ../../build/mobile_base_controller/mobile_base_controller.egg-info to /home/lamm-robot/ros2_ws/install/mobile_base_controller/lib/python3.12/site-packages/mobile_base_controller-0.0.0-py3.12.egg-info
[0.667s] running install_scripts
[0.721s] Installing motor_driver script to /home/lamm-robot/ros2_ws/install/mobile_base_controller/lib/mobile_base_controller
[0.721s] Installing simple_tracker script to /home/lamm-robot/ros2_ws/install/mobile_base_controller/lib/mobile_base_controller
[0.721s] writing list of installed files to '/home/lamm-robot/ros2_ws/build/mobile_base_controller/install.log'
[0.735s] Invoked command in '/home/lamm-robot/ros2_ws/src/mobile_base_controller' returned '0': DEBUGINFOD_URLS=https://debuginfod.ubuntu.com PYTHONPATH=/home/lamm-robot/ros2_ws/build/mobile_base_controller/prefix_override:/usr/lib/python3/dist-packages/colcon_core/task/python/colcon_distutils_commands:/home/lamm-robot/ros2_ws/install/mobile_base_controller/lib/python3.12/site-packages:${PYTHONPATH} /usr/bin/python3 -W ignore:setup.py install is deprecated -W ignore:easy_install command is deprecated setup.py egg_info --egg-base ../../build/mobile_base_controller build --build-base /home/lamm-robot/ros2_ws/build/mobile_base_controller/build install --record /home/lamm-robot/ros2_ws/build/mobile_base_controller/install.log --single-version-externally-managed install_data
