running egg_info
creating ../../build/mobile_base_controller/mobile_base_controller.egg-info
writing ../../build/mobile_base_controller/mobile_base_controller.egg-info/PKG-INFO
writing dependency_links to ../../build/mobile_base_controller/mobile_base_controller.egg-info/dependency_links.txt
writing entry points to ../../build/mobile_base_controller/mobile_base_controller.egg-info/entry_points.txt
writing requirements to ../../build/mobile_base_controller/mobile_base_controller.egg-info/requires.txt
writing top-level names to ../../build/mobile_base_controller/mobile_base_controller.egg-info/top_level.txt
writing manifest file '../../build/mobile_base_controller/mobile_base_controller.egg-info/SOURCES.txt'
reading manifest file '../../build/mobile_base_controller/mobile_base_controller.egg-info/SOURCES.txt'
writing manifest file '../../build/mobile_base_controller/mobile_base_controller.egg-info/SOURCES.txt'
running build
running build_py
creating /home/lamm-robot/ros2_ws/build/mobile_base_controller/build
creating /home/lamm-robot/ros2_ws/build/mobile_base_controller/build/lib
creating /home/lamm-robot/ros2_ws/build/mobile_base_controller/build/lib/mobile_base_controller
copying mobile_base_controller/__init__.py -> /home/lamm-robot/ros2_ws/build/mobile_base_controller/build/lib/mobile_base_controller
copying mobile_base_controller/motor_driver.py -> /home/lamm-robot/ros2_ws/build/mobile_base_controller/build/lib/mobile_base_controller
running install
running install_lib
creating /home/lamm-robot/ros2_ws/install/mobile_base_controller/lib/python3.12/site-packages/mobile_base_controller
copying /home/lamm-robot/ros2_ws/build/mobile_base_controller/build/lib/mobile_base_controller/__init__.py -> /home/lamm-robot/ros2_ws/install/mobile_base_controller/lib/python3.12/site-packages/mobile_base_controller
copying /home/lamm-robot/ros2_ws/build/mobile_base_controller/build/lib/mobile_base_controller/motor_driver.py -> /home/lamm-robot/ros2_ws/install/mobile_base_controller/lib/python3.12/site-packages/mobile_base_controller
byte-compiling /home/lamm-robot/ros2_ws/install/mobile_base_controller/lib/python3.12/site-packages/mobile_base_controller/__init__.py to __init__.cpython-312.pyc
byte-compiling /home/lamm-robot/ros2_ws/install/mobile_base_controller/lib/python3.12/site-packages/mobile_base_controller/motor_driver.py to motor_driver.cpython-312.pyc
running install_data
creating /home/lamm-robot/ros2_ws/install/mobile_base_controller/share/ament_index
creating /home/lamm-robot/ros2_ws/install/mobile_base_controller/share/ament_index/resource_index
creating /home/lamm-robot/ros2_ws/install/mobile_base_controller/share/ament_index/resource_index/packages
copying resource/mobile_base_controller -> /home/lamm-robot/ros2_ws/install/mobile_base_controller/share/ament_index/resource_index/packages
copying package.xml -> /home/lamm-robot/ros2_ws/install/mobile_base_controller/share/mobile_base_controller
running install_egg_info
Copying ../../build/mobile_base_controller/mobile_base_controller.egg-info to /home/lamm-robot/ros2_ws/install/mobile_base_controller/lib/python3.12/site-packages/mobile_base_controller-0.0.0-py3.12.egg-info
running install_scripts
Installing motor_driver script to /home/lamm-robot/ros2_ws/install/mobile_base_controller/lib/mobile_base_controller
writing list of installed files to '/home/lamm-robot/ros2_ws/build/mobile_base_controller/install.log'
